<?xml version="1.0" encoding="UTF-8"?>
<!-- Generated by org.testng.reporters.JUnitReportReporter -->
<testsuite hostname="SRIMAMID-IN" failures="0" tests="3" name="com.qa.testCases.LoginPageTest" time="72.621" errors="0" timestamp="22 Jan 2020 18:59:34 GMT" skipped="0">
  <testcase classname="com.qa.testCases.LoginPageTest" name="loginTest" time="46.167"/>
  <testcase classname="com.qa.testCases.LoginPageTest" name="loginTest" time="14.733"/>
  <testcase classname="com.qa.testCases.LoginPageTest" name="demo" time="11.721"/>
</testsuite> <!-- com.qa.testCases.LoginPageTest -->
