<?xml version="1.0" encoding="UTF-8"?>
<!-- Generated by org.testng.reporters.JUnitReportReporter -->
<testsuite hostname="SRIMAMID-IN" failures="0" tests="3" name="com.qa.testCases.LoginPageTest" time="35.905" errors="0" timestamp="23 Jan 2020 10:49:21 GMT" skipped="0">
  <testcase classname="com.qa.testCases.LoginPageTest" name="loginTest" time="11.108"/>
  <testcase classname="com.qa.testCases.LoginPageTest" name="demo" time="12.893"/>
  <testcase classname="com.qa.testCases.LoginPageTest" name="loginTest" time="11.904"/>
</testsuite> <!-- com.qa.testCases.LoginPageTest -->
