<?xml version="1.0" encoding="UTF-8"?>
<!-- Generated by org.testng.reporters.JUnitReportReporter -->
<testsuite skipped="0" hostname="SRIMAMID-IN" name="com.qa.testCases.LoginPageTest" tests="3" failures="0" timestamp="23 Jan 2020 10:54:10 GMT" time="42.019" errors="0">
  <testcase name="loginTest" time="12.321" classname="com.qa.testCases.LoginPageTest"/>
  <testcase name="demo" time="15.136" classname="com.qa.testCases.LoginPageTest"/>
  <testcase name="loginTest" time="14.562" classname="com.qa.testCases.LoginPageTest"/>
</testsuite> <!-- com.qa.testCases.LoginPageTest -->
